<?xml version="1.0" encoding="UTF-8"?>
<testsuites>
  <testsuite name="" tests="3" assertions="12" errors="0" warnings="0" failures="0" skipped="0" time="0.002221">
    <testsuite name="unit" tests="3" assertions="12" errors="0" warnings="0" failures="0" skipped="0" time="0.002221">
      <testsuite name="RouterTest" file="C:\geovanny\dev\prestomvc\tests\unit\RouterTest.php" tests="3" assertions="12" errors="0" warnings="0" failures="0" skipped="0" time="0.002221">
        <testcase name="testRouterCanRegisterRoutes" class="RouterTest" classname="RouterTest" file="C:\geovanny\dev\prestomvc\tests\unit\RouterTest.php" line="16" assertions="4" time="0.001903"/>
        <testcase name="testRouterSupportsDifferentHttpMethods" class="RouterTest" classname="RouterTest" file="C:\geovanny\dev\prestomvc\tests\unit\RouterTest.php" line="26" assertions="5" time="0.000182"/>
        <testcase name="testRouterSupportsRouteParameters" class="RouterTest" classname="RouterTest" file="C:\geovanny\dev\prestomvc\tests\unit\RouterTest.php" line="41" assertions="3" time="0.000137"/>
      </testsuite>
    </testsuite>
  </testsuite>
</testsuites>
